\BOOKMARK [0][-]{chapter.1}{Sistemas Multiagentes para Python!}{}% 1
\BOOKMARK [1][-]{section.1.1}{PADE \351 divertido!}{chapter.1}% 2
\BOOKMARK [1][-]{section.1.2}{E f\341cil de instalar!}{chapter.1}% 3
\BOOKMARK [1][-]{section.1.3}{Cr\351ditos}{chapter.1}% 4
\BOOKMARK [0][-]{chapter.2}{Guia do Usu\341rio}{}% 5
\BOOKMARK [1][-]{section.2.1}{Instala\347\343o}{chapter.2}% 6
\BOOKMARK [1][-]{section.2.2}{Al\364 Mundo}{chapter.2}% 7
\BOOKMARK [1][-]{section.2.3}{Meu Primeiro Agente}{chapter.2}% 8
\BOOKMARK [1][-]{section.2.4}{Agentes Temporais}{chapter.2}% 9
\BOOKMARK [1][-]{section.2.5}{Enviando Mensagens}{chapter.2}% 10
\BOOKMARK [1][-]{section.2.6}{Recebendo Mensagens}{chapter.2}% 11
\BOOKMARK [1][-]{section.2.7}{Um momento Por Favor!}{chapter.2}% 12
\BOOKMARK [1][-]{section.2.8}{Enviando Objetos}{chapter.2}% 13
\BOOKMARK [1][-]{section.2.9}{Sele\347\343o de Mensagens}{chapter.2}% 14
\BOOKMARK [1][-]{section.2.10}{Interface Gr\341fica}{chapter.2}% 15
\BOOKMARK [1][-]{section.2.11}{Protocolos}{chapter.2}% 16
\BOOKMARK [0][-]{chapter.3}{Refer\352ncia da API do PADE}{}% 17
\BOOKMARK [1][-]{section.3.1}{API PADE}{chapter.3}% 18
\BOOKMARK [0][-]{section*.80}{\315ndice de M\363dulos do Python}{}% 19
\BOOKMARK [0][-]{section*.81}{\315ndice}{}% 20
